This is pdfTeX, Version 3.141592653-2.6-1.40.24 (MiKTeX 22.1) (preloaded format=pdflatex 2022.5.15)  14 JUN 2022 11:13
entering extended mode
 restricted \write18 enabled.
 %&-line parsing enabled.
**./Rapport.tex
(Rapport.tex
LaTeX2e <2021-11-15> patch level 1
L3 programming layer <2022-04-29>
(/Users/mziani/Library/Application Support/MiKTeX/texmfs/install/tex/latex/base
/report.cls
Document Class: report 2021/10/04 v1.4n Standard LaTeX document class

(/Users/mziani/Library/Application Support/MiKTeX/texmfs/install/tex/latex/base
/size12.clo
File: size12.clo 2021/10/04 v1.4n Standard LaTeX file (size option)
)
\c@part=\count185
\c@chapter=\count186
\c@section=\count187
\c@subsection=\count188
\c@subsubsection=\count189
\c@paragraph=\count190
\c@subparagraph=\count191
\c@figure=\count192
\c@table=\count193
\abovecaptionskip=\skip47
\belowcaptionskip=\skip48
\bibindent=\dimen138
)
(/Users/mziani/Library/Application Support/MiKTeX/texmfs/install/tex/latex/base
/inputenc.sty
Package: inputenc 2021/02/14 v1.3d Input encoding file
\inpenc@prehook=\toks16
\inpenc@posthook=\toks17
)
(/Users/mziani/Library/Application Support/MiKTeX/texmfs/install/tex/generic/ba
bel/babel.sty
Package: babel 2022/04/30 3.74 The Babel package
\babel@savecnt=\count194
\U@D=\dimen139
\l@unhyphenated=\language79

(/Users/mziani/Library/Application Support/MiKTeX/texmfs/install/tex/generic/ba
bel/txtbabel.def)
\bbl@readstream=\read2
\bbl@dirlevel=\count195

*************************************
* Local config file bblopts.cfg used
*

(/Users/mziani/Library/Application Support/MiKTeX/texmfs/install/tex/latex/arab
i/bblopts.cfg
File: bblopts.cfg 2005/09/08 v0.1 add Arabic and Farsi to "declared" options of
 babel
)
(/Users/mziani/Library/Application Support/MiKTeX/texmfs/install/tex/generic/ba
bel-french/french.ldf
Language: french 2022/04/18 v3.5n French support from the babel system
Package babel Info: Hyphen rules for 'acadian' set to \l@french
(babel)             (\language22). Reported on input line 91.
Package babel Info: Hyphen rules for 'canadien' set to \l@french
(babel)             (\language22). Reported on input line 92.
\FB@nonchar=\count196
Package babel Info: Making : an active character on input line 430.
Package babel Info: Making ; an active character on input line 431.
Package babel Info: Making ! an active character on input line 432.
Package babel Info: Making ? an active character on input line 433.
\FBguill@level=\count197
\FBold@everypar=\toks18
\FB@Mht=\dimen140
\mc@charclass=\count198
\mc@charfam=\count199
\mc@charslot=\count266
\std@mcc=\count267
\dec@mcc=\count268
\listindentFB=\dimen141
\descindentFB=\dimen142
\labelindentFB=\dimen143
\labelwidthFB=\dimen144
\leftmarginFB=\dimen145
\parindentFFN=\dimen146
\FBfnindent=\dimen147
))
(/Users/mziani/Library/Application Support/MiKTeX/texmfs/install/tex/latex/carl
isle/scalefnt.sty)
(/Users/mziani/Library/Application Support/MiKTeX/texmfs/install/tex/latex/grap
hics/keyval.sty
Package: keyval 2014/10/28 v1.15 key=value parser (DPC)
\KV@toks@=\toks19
)
(/Users/mziani/Library/Application Support/MiKTeX/texmfs/install/tex/latex/ae/a
e.sty
Package: ae 2001/02/12 1.3 Almost European Computer Modern

(/Users/mziani/Library/Application Support/MiKTeX/texmfs/install/tex/latex/base
/fontenc.sty
Package: fontenc 2021/04/29 v2.0v Standard LaTeX package
))
(/Users/mziani/Library/Application Support/MiKTeX/texmfs/install/tex/latex/hype
rref/hyperref.sty
Package: hyperref 2022-02-21 v7.00n Hypertext links for LaTeX

(/Users/mziani/Library/Application Support/MiKTeX/texmfs/install/tex/generic/lt
xcmds/ltxcmds.sty
Package: ltxcmds 2020-05-10 v1.25 LaTeX kernel commands for general use (HO)
)
(/Users/mziani/Library/Application Support/MiKTeX/texmfs/install/tex/generic/if
tex/iftex.sty
Package: iftex 2022/02/03 v1.0f TeX engine tests
)
(/Users/mziani/Library/Application Support/MiKTeX/texmfs/install/tex/generic/pd
ftexcmds/pdftexcmds.sty
Package: pdftexcmds 2020-06-27 v0.33 Utility functions of pdfTeX for LuaTeX (HO
)

(/Users/mziani/Library/Application Support/MiKTeX/texmfs/install/tex/generic/in
fwarerr/infwarerr.sty
Package: infwarerr 2019/12/03 v1.5 Providing info/warning/error messages (HO)
)
Package pdftexcmds Info: \pdf@primitive is available.
Package pdftexcmds Info: \pdf@ifprimitive is available.
Package pdftexcmds Info: \pdfdraftmode found.
)
(/Users/mziani/Library/Application Support/MiKTeX/texmfs/install/tex/generic/kv
setkeys/kvsetkeys.sty
Package: kvsetkeys 2019/12/15 v1.18 Key value parser (HO)
)
(/Users/mziani/Library/Application Support/MiKTeX/texmfs/install/tex/generic/kv
definekeys/kvdefinekeys.sty
Package: kvdefinekeys 2019-12-19 v1.6 Define keys (HO)
)
(/Users/mziani/Library/Application Support/MiKTeX/texmfs/install/tex/generic/pd
fescape/pdfescape.sty
Package: pdfescape 2019/12/09 v1.15 Implements pdfTeX's escape features (HO)
)
(/Users/mziani/Library/Application Support/MiKTeX/texmfs/install/tex/latex/hyco
lor/hycolor.sty
Package: hycolor 2020-01-27 v1.10 Color options for hyperref/bookmark (HO)
)
(/Users/mziani/Library/Application Support/MiKTeX/texmfs/install/tex/latex/letl
txmacro/letltxmacro.sty
Package: letltxmacro 2019/12/03 v1.6 Let assignment for LaTeX macros (HO)
)
(/Users/mziani/Library/Application Support/MiKTeX/texmfs/install/tex/latex/auxh
ook/auxhook.sty
Package: auxhook 2019-12-17 v1.6 Hooks for auxiliary files (HO)
)
(/Users/mziani/Library/Application Support/MiKTeX/texmfs/install/tex/latex/kvop
tions/kvoptions.sty
Package: kvoptions 2020-10-07 v3.14 Key value format for package options (HO)
)
\@linkdim=\dimen148
\Hy@linkcounter=\count269
\Hy@pagecounter=\count270

(/Users/mziani/Library/Application Support/MiKTeX/texmfs/install/tex/latex/hype
rref/pd1enc.def
File: pd1enc.def 2022-02-21 v7.00n Hyperref: PDFDocEncoding definition (HO)
Now handling font encoding PD1 ...
... no UTF-8 mapping file for font encoding PD1
)
(/Users/mziani/Library/Application Support/MiKTeX/texmfs/install/tex/generic/in
tcalc/intcalc.sty
Package: intcalc 2019/12/15 v1.3 Expandable calculations with integers (HO)
)
(/Users/mziani/Library/Application Support/MiKTeX/texmfs/install/tex/generic/et
excmds/etexcmds.sty
Package: etexcmds 2019/12/15 v1.7 Avoid name clashes with e-TeX commands (HO)
)
\Hy@SavedSpaceFactor=\count271

(/Users/mziani/Library/Application Support/MiKTeX/texmfs/install/tex/latex/hype
rref/puenc.def
File: puenc.def 2022-02-21 v7.00n Hyperref: PDF Unicode definition (HO)
Now handling font encoding PU ...
... no UTF-8 mapping file for font encoding PU
)
Package hyperref Info: Hyper figures OFF on input line 4137.
Package hyperref Info: Link nesting OFF on input line 4142.
Package hyperref Info: Hyper index ON on input line 4145.
Package hyperref Info: Plain pages OFF on input line 4152.
Package hyperref Info: Backreferencing OFF on input line 4157.
Package hyperref Info: Implicit mode ON; LaTeX internals redefined.
Package hyperref Info: Bookmarks ON on input line 4390.
\c@Hy@tempcnt=\count272

(/Users/mziani/Library/Application Support/MiKTeX/texmfs/install/tex/latex/url/
url.sty
\Urlmuskip=\muskip16
Package: url 2013/09/16  ver 3.4  Verb mode for urls, etc.
)
LaTeX Info: Redefining \url on input line 4749.
\XeTeXLinkMargin=\dimen149

(/Users/mziani/Library/Application Support/MiKTeX/texmfs/install/tex/generic/bi
tset/bitset.sty
Package: bitset 2019/12/09 v1.3 Handle bit-vector datatype (HO)

(/Users/mziani/Library/Application Support/MiKTeX/texmfs/install/tex/generic/bi
gintcalc/bigintcalc.sty
Package: bigintcalc 2019/12/15 v1.5 Expandable calculations on big integers (HO
)
))
\Fld@menulength=\count273
\Field@Width=\dimen150
\Fld@charsize=\dimen151
Package hyperref Info: Hyper figures OFF on input line 6027.
Package hyperref Info: Link nesting OFF on input line 6032.
Package hyperref Info: Hyper index ON on input line 6035.
Package hyperref Info: backreferencing OFF on input line 6042.
Package hyperref Info: Link coloring OFF on input line 6047.
Package hyperref Info: Link coloring with OCG OFF on input line 6052.
Package hyperref Info: PDF/A mode OFF on input line 6057.
LaTeX Info: Redefining \ref on input line 6097.
LaTeX Info: Redefining \pageref on input line 6101.

(/Users/mziani/Library/Application Support/MiKTeX/texmfs/install/tex/latex/base
/atbegshi-ltx.sty
Package: atbegshi-ltx 2021/01/10 v1.0c Emulation of the original atbegshi
package with kernel methods
)
\Hy@abspage=\count274
\c@Item=\count275
\c@Hfootnote=\count276
)
Package hyperref Info: Driver (autodetected): hpdftex.

(/Users/mziani/Library/Application Support/MiKTeX/texmfs/install/tex/latex/hype
rref/hpdftex.def
File: hpdftex.def 2022-02-21 v7.00n Hyperref driver for pdfTeX

(/Users/mziani/Library/Application Support/MiKTeX/texmfs/install/tex/latex/base
/atveryend-ltx.sty
Package: atveryend-ltx 2020/08/19 v1.0a Emulation of the original atveryend pac
kage
with kernel methods
)
\Fld@listcount=\count277
\c@bookmark@seq@number=\count278

(/Users/mziani/Library/Application Support/MiKTeX/texmfs/install/tex/latex/reru
nfilecheck/rerunfilecheck.sty
Package: rerunfilecheck 2019/12/05 v1.9 Rerun checks for auxiliary files (HO)

(/Users/mziani/Library/Application Support/MiKTeX/texmfs/install/tex/generic/un
iquecounter/uniquecounter.sty
Package: uniquecounter 2019/12/15 v1.4 Provide unlimited unique counter (HO)
)
Package uniquecounter Info: New unique counter `rerunfilecheck' on input line 2
86.
)
\Hy@SectionHShift=\skip49
)
(/Users/mziani/Library/Application Support/MiKTeX/texmfs/install/tex/latex/amsf
onts/amssymb.sty
Package: amssymb 2013/01/14 v3.01 AMS font symbols

(/Users/mziani/Library/Application Support/MiKTeX/texmfs/install/tex/latex/amsf
onts/amsfonts.sty
Package: amsfonts 2013/01/14 v3.01 Basic AMSFonts support
\@emptytoks=\toks20
\symAMSa=\mathgroup4
\symAMSb=\mathgroup5
LaTeX Font Info:    Redeclaring math symbol \hbar on input line 98.
LaTeX Font Info:    Overwriting math alphabet `\mathfrak' in version `bold'
(Font)                  U/euf/m/n --> U/euf/b/n on input line 106.
))
(/Users/mziani/Library/Application Support/MiKTeX/texmfs/install/tex/latex/capt
ion/caption.sty
Package: caption 2022/03/01 v3.6b Customizing captions (AR)

(/Users/mziani/Library/Application Support/MiKTeX/texmfs/install/tex/latex/capt
ion/caption3.sty
Package: caption3 2022/03/17 v2.3b caption3 kernel (AR)
\caption@tempdima=\dimen152
\captionmargin=\dimen153
\caption@leftmargin=\dimen154
\caption@rightmargin=\dimen155
\caption@width=\dimen156
\caption@indent=\dimen157
\caption@parindent=\dimen158
\caption@hangindent=\dimen159
Package caption Info: Standard document class detected.
Package caption Info: french babel package is loaded.
)
\c@caption@flags=\count279
\c@continuedfloat=\count280
Package caption Info: hyperref package is loaded.
)
(/Users/mziani/Library/Application Support/MiKTeX/texmfs/install/tex/latex/grap
hics/graphicx.sty
Package: graphicx 2021/09/16 v1.2d Enhanced LaTeX Graphics (DPC,SPQR)

(/Users/mziani/Library/Application Support/MiKTeX/texmfs/install/tex/latex/grap
hics/graphics.sty
Package: graphics 2021/03/04 v1.4d Standard LaTeX Graphics (DPC,SPQR)

(/Users/mziani/Library/Application Support/MiKTeX/texmfs/install/tex/latex/grap
hics/trig.sty
Package: trig 2021/08/11 v1.11 sin cos tan (DPC)
)
(/Users/mziani/Library/Application Support/MiKTeX/texmfs/install/tex/latex/grap
hics-cfg/graphics.cfg
File: graphics.cfg 2016/06/04 v1.11 sample graphics configuration
)
Package graphics Info: Driver file: pdftex.def on input line 107.

(/Users/mziani/Library/Application Support/MiKTeX/texmfs/install/tex/latex/grap
hics-def/pdftex.def
File: pdftex.def 2020/10/05 v1.2a Graphics/color driver for pdftex
))
\Gin@req@height=\dimen160
\Gin@req@width=\dimen161
)
(/Users/mziani/Library/Application Support/MiKTeX/texmfs/install/tex/latex/mult
irow/multirow.sty
Package: multirow 2021/03/15 v2.8 Span multiple rows of a table
\multirow@colwidth=\skip50
\multirow@cntb=\count281
\multirow@dima=\skip51
\bigstrutjot=\dimen162
)
(/Users/mziani/Library/Application Support/MiKTeX/texmfs/install/tex/latex/amsm
ath/amsmath.sty
Package: amsmath 2021/10/15 v2.17l AMS math features
\@mathmargin=\skip52

For additional information on amsmath, use the `?' option.

(/Users/mziani/Library/Application Support/MiKTeX/texmfs/install/tex/latex/amsm
ath/amstext.sty
Package: amstext 2021/08/26 v2.01 AMS text

(/Users/mziani/Library/Application Support/MiKTeX/texmfs/install/tex/latex/amsm
ath/amsgen.sty
File: amsgen.sty 1999/11/30 v2.0 generic functions
\@emptytoks=\toks21
\ex@=\dimen163
))
(/Users/mziani/Library/Application Support/MiKTeX/texmfs/install/tex/latex/amsm
ath/amsbsy.sty
Package: amsbsy 1999/11/29 v1.2d Bold Symbols
\pmbraise@=\dimen164
)
(/Users/mziani/Library/Application Support/MiKTeX/texmfs/install/tex/latex/amsm
ath/amsopn.sty
Package: amsopn 2021/08/26 v2.02 operator names
)
\inf@bad=\count282
LaTeX Info: Redefining \frac on input line 234.
\uproot@=\count283
\leftroot@=\count284
LaTeX Info: Redefining \overline on input line 399.
\classnum@=\count285
\DOTSCASE@=\count286
LaTeX Info: Redefining \ldots on input line 496.
LaTeX Info: Redefining \dots on input line 499.
LaTeX Info: Redefining \cdots on input line 620.
\Mathstrutbox@=\box50
\strutbox@=\box51
\big@size=\dimen165
LaTeX Font Info:    Redeclaring font encoding OML on input line 743.
LaTeX Font Info:    Redeclaring font encoding OMS on input line 744.
\macc@depth=\count287
\c@MaxMatrixCols=\count288
\dotsspace@=\muskip17
\c@parentequation=\count289
\dspbrk@lvl=\count290
\tag@help=\toks22
\row@=\count291
\column@=\count292
\maxfields@=\count293
\andhelp@=\toks23
\eqnshift@=\dimen166
\alignsep@=\dimen167
\tagshift@=\dimen168
\tagwidth@=\dimen169
\totwidth@=\dimen170
\lineht@=\dimen171
\@envbody=\toks24
\multlinegap=\skip53
\multlinetaggap=\skip54
\mathdisplay@stack=\toks25
LaTeX Info: Redefining \[ on input line 2938.
LaTeX Info: Redefining \] on input line 2939.
)
\c@theoreme=\count294
\c@corollaire=\count295
\c@proposition=\count296
\c@definition=\count297
\c@remarque=\count298
\c@lemmme=\count299
\c@exemple=\count300
\c@exercice=\count301
LaTeX Font Info:    Trying to load font information for T1+aer on input line 46
.

(/Users/mziani/Library/Application Support/MiKTeX/texmfs/install/tex/latex/ae/t
1aer.fd
File: t1aer.fd 1997/11/16 Font definitions for T1/aer.
)
(/Users/mziani/Library/Application Support/MiKTeX/texmfs/install/tex/latex/l3ba
ckend/l3backend-pdftex.def
File: l3backend-pdftex.def 2022-04-20 L3 backend support: PDF output (pdfTeX)
\l__color_backend_stack_int=\count302
\l__pdf_internal_box=\box52
) (Rapport.aux

LaTeX Warning: Label `fig:my_label' multiply defined.


LaTeX Warning: Label `fig:my_label' multiply defined.


LaTeX Warning: Label `fig:my_label' multiply defined.


LaTeX Warning: Label `fig:my_label' multiply defined.

)
\openout1 = `Rapport.aux'.

LaTeX Font Info:    Checking defaults for OML/cmm/m/it on input line 46.
LaTeX Font Info:    ... okay on input line 46.
LaTeX Font Info:    Checking defaults for OMS/cmsy/m/n on input line 46.
LaTeX Font Info:    ... okay on input line 46.
LaTeX Font Info:    Checking defaults for OT1/cmr/m/n on input line 46.
LaTeX Font Info:    ... okay on input line 46.
LaTeX Font Info:    Checking defaults for T1/cmr/m/n on input line 46.
LaTeX Font Info:    ... okay on input line 46.
LaTeX Font Info:    Checking defaults for TS1/cmr/m/n on input line 46.
LaTeX Font Info:    ... okay on input line 46.
LaTeX Font Info:    Checking defaults for OMX/cmex/m/n on input line 46.
LaTeX Font Info:    ... okay on input line 46.
LaTeX Font Info:    Checking defaults for U/cmr/m/n on input line 46.
LaTeX Font Info:    ... okay on input line 46.
LaTeX Font Info:    Checking defaults for PD1/pdf/m/n on input line 46.
LaTeX Font Info:    ... okay on input line 46.
LaTeX Font Info:    Checking defaults for PU/pdf/m/n on input line 46.
LaTeX Font Info:    ... okay on input line 46.
LaTeX Info: Redefining \degres on input line 46.
LaTeX Info: Redefining \up on input line 46.
Package hyperref Info: Link coloring OFF on input line 46.

(/Users/mziani/Library/Application Support/MiKTeX/texmfs/install/tex/latex/hype
rref/nameref.sty
Package: nameref 2021-04-02 v2.47 Cross-referencing by name of section

(/Users/mziani/Library/Application Support/MiKTeX/texmfs/install/tex/latex/refc
ount/refcount.sty
Package: refcount 2019/12/15 v3.6 Data extraction from label references (HO)
)
(/Users/mziani/Library/Application Support/MiKTeX/texmfs/install/tex/generic/ge
ttitlestring/gettitlestring.sty
Package: gettitlestring 2019/12/15 v1.6 Cleanup title references (HO)
)
\c@section@level=\count303
)
LaTeX Info: Redefining \ref on input line 46.
LaTeX Info: Redefining \pageref on input line 46.
LaTeX Info: Redefining \nameref on input line 46.
 (Rapport.out) (Rapport.out)
\@outlinefile=\write3
\openout3 = `Rapport.out'.

Package caption Info: Begin \AtBeginDocument code.
Package caption Info: End \AtBeginDocument code.

(/Users/mziani/Library/Application Support/MiKTeX/texmfs/install/tex/context/ba
se/mkii/supp-pdf.mkii
[Loading MPS to PDF converter (version 2006.09.02).]
\scratchcounter=\count304
\scratchdimen=\dimen172
\scratchbox=\box53
\nofMPsegments=\count305
\nofMParguments=\count306
\everyMPshowfont=\toks26
\MPscratchCnt=\count307
\MPscratchDim=\dimen173
\MPnumerator=\count308
\makeMPintoPDFobject=\count309
\everyMPtoPDFconversion=\toks27
)
(/Users/mziani/Library/Application Support/MiKTeX/texmfs/install/tex/latex/epst
opdf-pkg/epstopdf-base.sty
Package: epstopdf-base 2020-01-24 v2.11 Base part for package epstopdf
Package epstopdf-base Info: Redefining graphics rule for `.eps' on input line 4
85.

(/Users/mziani/Library/Application Support/MiKTeX/texmfs/install/tex/latex/00mi
ktex/epstopdf-sys.cfg
File: epstopdf-sys.cfg 2021/03/18 v2.0 Configuration of epstopdf for MiKTeX
))
<logo.png, id=107, 263.98625pt x 192.72pt>
File: logo.png Graphic file (type png)
<use logo.png>
Package pdftex.def Info: logo.png  used on input line 50.
(pdftex.def)             Requested size: 195.0pt x 142.35765pt.
LaTeX Font Info:    Trying to load font information for U+msa on input line 67.


(/Users/mziani/Library/Application Support/MiKTeX/texmfs/install/tex/latex/amsf
onts/umsa.fd
File: umsa.fd 2013/01/14 v3.01 AMS symbols A
)
LaTeX Font Info:    Trying to load font information for U+msb on input line 67.


(/Users/mziani/Library/Application Support/MiKTeX/texmfs/install/tex/latex/amsf
onts/umsb.fd
File: umsb.fd 2013/01/14 v3.01 AMS symbols B
) [1

{/Users/mziani/Library/Application Support/MiKTeX/texmfs/data/fonts/map/pdftex/
pdftex.map} <./logo.png>]
Underfull \hbox (badness 10000) in paragraph at lines 86--87

 []


Underfull \hbox (badness 10000) in paragraph at lines 88--90

 []


Underfull \hbox (badness 10000) in paragraph at lines 91--92

 []


Underfull \hbox (badness 10000) in paragraph at lines 93--95

 []


Underfull \hbox (badness 10000) in paragraph at lines 96--97

 []


pdfTeX warning (ext4): destination with the same identifier (name{page.1}) has 
been already used, duplicate ignored
<to be read again> 
                   \relax 
l.99  \newpage
               [1] (Rapport.toc)
\tf@toc=\write4
\openout4 = `Rapport.toc'.

 [2

] [3

]
Chapitre 1.
<ImageNum.png, id=157, 647.41875pt x 353.32pt>
File: ImageNum.png Graphic file (type png)
<use ImageNum.png>
Package pdftex.def Info: ImageNum.png  used on input line 129.
(pdftex.def)             Requested size: 323.70857pt x 176.65956pt.

Overfull \hbox (13.76pt too wide) in paragraph at lines 136--137
[]\T1/aer/m/n/12 Selon la re-pr^^e9-sen-ta-tion des cou-leurs, nous dis-tin-guo
ns quatre types d'images : 
 []

<ImageBinaire.png, id=160, 260.975pt x 268.00125pt>
File: ImageBinaire.png Graphic file (type png)
<use ImageBinaire.png>
Package pdftex.def Info: ImageBinaire.png  used on input line 144.
(pdftex.def)             Requested size: 130.48718pt x 134.00029pt.
<ImageNivGris.png, id=162, 302.12875pt x 288.07625pt>
File: ImageNivGris.png Graphic file (type png)
<use ImageNivGris.png>
Package pdftex.def Info: ImageNivGris.png  used on input line 154.
(pdftex.def)             Requested size: 151.064pt x 144.03777pt.
[4

] [5 <./ImageNum.png> <./ImageBinaire.png> <./ImageNivGris.png>]
<ImageCouleur.png, id=181, 701.62125pt x 496.85625pt>
File: ImageCouleur.png Graphic file (type png)
<use ImageCouleur.png>
Package pdftex.def Info: ImageCouleur.png  used on input line 164.
(pdftex.def)             Requested size: 350.80975pt x 248.4275pt.
<matrix.jpg, id=182, 500.87125pt x 390.45876pt>
File: matrix.jpg Graphic file (type jpg)
<use matrix.jpg>
Package pdftex.def Info: matrix.jpg  used on input line 180.
(pdftex.def)             Requested size: 195.0pt x 152.01614pt.
 [6 <./ImageCouleur.png>]
Underfull \hbox (badness 10000) in paragraph at lines 205--206

 []


Underfull \hbox (badness 10000) in paragraph at lines 206--207

 []


Underfull \hbox (badness 10000) in paragraph at lines 207--208

 []


Underfull \hbox (badness 10000) in paragraph at lines 208--209

 []

<zero one.jpg, id=194, 281.05pt x 301.125pt>
File: zero one.jpg Graphic file (type jpg)
<use zero one.jpg>
Package pdftex.def Info: zero one.jpg  used on input line 213.
(pdftex.def)             Requested size: 195.0pt x 208.92975pt.

Underfull \hbox (badness 10000) in paragraph at lines 220--221

 []

[7 <./matrix.jpg>]
<Figure_1.png, id=203, 462.528pt x 346.896pt>
File: Figure_1.png Graphic file (type png)
<use Figure_1.png>
Package pdftex.def Info: Figure_1.png  used on input line 224.
(pdftex.def)             Requested size: 312.00119pt x 234.01236pt.
<probability.PNG, id=204, 240.9pt x 37.64063pt>
File: probability.PNG Graphic file (type png)
<use probability.PNG>
Package pdftex.def Info: probability.PNG  used on input line 231.
(pdftex.def)             Requested size: 272.99881pt x 42.66032pt.
 [8 <./zero one.jpg> <./probability.PNG>]
Underfull \hbox (badness 10000) in paragraph at lines 247--248

 []

[9 <./Figure_1.png>]
<regression.png, id=219, 495.8525pt x 407.5225pt>
File: regression.png Graphic file (type png)
<use regression.png>
Package pdftex.def Info: regression.png  used on input line 268.
(pdftex.def)             Requested size: 234.00238pt x 192.31909pt.
 [10]
Underfull \hbox (badness 10000) in paragraph at lines 318--319

 []

[11 <./regression.png (PNG copy)>]
Underfull \hbox (badness 10000) in paragraph at lines 322--323

 []

<clustering.png, id=231, 527.9725pt x 399.4925pt>
File: clustering.png Graphic file (type png)
<use clustering.png>
Package pdftex.def Info: clustering.png  used on input line 325.
(pdftex.def)             Requested size: 390.0pt x 295.09558pt.

Overfull \hbox (17.62482pt too wide) in paragraph at lines 325--326
[][] 
 []

[12 <./clustering.png>] [13]
Chapitre 2.

Underfull \hbox (badness 10000) in paragraph at lines 359--361

 []

<CodeCogsEqn.png, id=244, 154.32657pt x 34.62938pt>
File: CodeCogsEqn.png Graphic file (type png)
<use CodeCogsEqn.png>
Package pdftex.def Info: CodeCogsEqn.png  used on input line 364.
(pdftex.def)             Requested size: 117.00119pt x 26.25464pt.

LaTeX Warning: Command \FBtextellipsis invalid in math mode on input line 368.


LaTeX Warning: Command \FBtextellipsis invalid in math mode on input line 369.


Overfull \hbox (19.5975pt too wide) in paragraph at lines 368--371
[]\T1/aer/m/n/12 Les ob-jets sont re-pr^^e9-sen-t^^e9s avec \T1/aer/b/n/12 d \T
1/aer/m/n/12 vec-teurs de di-men-sion \T1/aer/b/n/12 n\T1/aer/m/n/12 , $\OML/cm
m/m/it/12 x \OT1/cmr/m/n/12 = (\OML/cmm/m/it/12 x[]; x[]; :::; x[]\OT1/cmr/m/n/
12 )$
 []

<equation.png, id=245, 361.35pt x 70.2625pt>
File: equation.png Graphic file (type png)
<use equation.png>
Package pdftex.def Info: equation.png  used on input line 374.
(pdftex.def)             Requested size: 195.0pt x 37.9165pt.
<suiteOfEquation.png, id=246, 174.6525pt x 45.16875pt>
File: suiteOfEquation.png Graphic file (type png)
<use suiteOfEquation.png>
Package pdftex.def Info: suiteOfEquation.png  used on input line 375.
(pdftex.def)             Requested size: 155.99762pt x 40.34616pt.
[14

 <./CodeCogsEqn.png>]
<CodeCogsEqn (1).png, id=256, 237.88875pt x 42.91031pt>
File: CodeCogsEqn (1).png Graphic file (type png)
<use CodeCogsEqn (1).png>
Package pdftex.def Info: CodeCogsEqn (1).png  used on input line 380.
(pdftex.def)             Requested size: 195.0pt x 35.17552pt.

Underfull \hbox (badness 10000) in paragraph at lines 386--387

 []

<second equation.png, id=257, 368.37625pt x 66.2475pt>
File: second equation.png Graphic file (type png)
<use second equation.png>
Package pdftex.def Info: second equation.png  used on input line 390.
(pdftex.def)             Requested size: 195.0pt x 35.06754pt.

Underfull \hbox (badness 10000) in paragraph at lines 396--397

 []


Underfull \hbox (badness 10000) in paragraph at lines 404--405

 []

<convergence.png, id=258, 377.15906pt x 254.45062pt>
File: convergence.png Graphic file (type png)
<use convergence.png>
Package pdftex.def Info: convergence.png  used on input line 408.
(pdftex.def)             Requested size: 272.99881pt x 184.17883pt.

LaTeX Warning: Command \FBtextellipsis invalid in math mode on input line 413.


Overfull \hbox (14.00093pt too wide) in paragraph at lines 413--414
\T1/aer/m/n/12 ment 6 op^^e9-ra-tions en ap-pli-quant kmeans a une cer-taines d
e points $\OT1/cmr/m/n/12 (\OML/cmm/m/it/12 x[]; x[]; :::; x[]\OT1/cmr/m/n/12 )
$
 []

[15 <./equation.png> <./suiteOfEquation.png> <./CodeCogsEqn (1).png> <./second 
equation.png>]
Underfull \hbox (badness 10000) in paragraph at lines 417--418

 []

[16 <./convergence.png>]
Underfull \hbox (badness 10000) in paragraph at lines 445--447

 []


Overfull \hbox (20.06615pt too wide) in paragraph at lines 448--448
[]\T1/aer/b/n/17.28 Application de K-means pour l'ana-lyse des images 
 []


Underfull \hbox (badness 10000) in paragraph at lines 450--451

 []


Underfull \hbox (badness 10000) in paragraph at lines 452--453

 []


Underfull \hbox (badness 10000) in paragraph at lines 453--454

 []

[17]
Underfull \hbox (badness 10000) in paragraph at lines 458--460

 []


Underfull \hbox (badness 10000) in paragraph at lines 462--463

 []

LaTeX Font Info:    Trying to load font information for T1+aett on input line 4
66.

(/Users/mziani/Library/Application Support/MiKTeX/texmfs/install/tex/latex/ae/t
1aett.fd
File: t1aett.fd 1997/11/16 Font definitions for T1/aett.
)
Underfull \hbox (badness 10000) in paragraph at lines 490--491

 []

<etapes light.PNG, id=284, 880.79062pt x 238.64156pt>
File: etapes light.PNG Graphic file (type png)
<use etapes light.PNG>
Package pdftex.def Info: etapes light.PNG  used on input line 494.
(pdftex.def)             Requested size: 467.99881pt x 126.79985pt.

Overfull \hbox (77.99881pt too wide) in paragraph at lines 494--495
 [][] 
 []

[18]
Overfull \hbox (23.87451pt too wide) in paragraph at lines 500--501
[]\T1/aer/m/n/12 On com-mence d'abord par ini-tia-li-ser \T1/aer/b/n/12 k \T1/a
er/m/n/12 les nombre de groupes vou-lues(clusters),
 []


Underfull \hbox (badness 10000) in paragraph at lines 500--501

 []


Underfull \hbox (badness 10000) in paragraph at lines 500--501

 []


Underfull \hbox (badness 10000) in paragraph at lines 502--503

 []


Underfull \hbox (badness 10000) in paragraph at lines 506--508

 []


Underfull \hbox (badness 10000) in paragraph at lines 509--510

 []


Underfull \hbox (badness 10000) in paragraph at lines 511--512

 []

[19 <./etapes light.PNG>]
<image recognition.jpg, id=297, 1027.84pt x 685.56125pt>
File: image recognition.jpg Graphic file (type jpg)
<use image recognition.jpg>
Package pdftex.def Info: image recognition.jpg  used on input line 524.
(pdftex.def)             Requested size: 234.00238pt x 156.07526pt.

Underfull \hbox (badness 10000) in paragraph at lines 533--535

 []


Underfull \hbox (badness 10000) in paragraph at lines 537--538

 []


Underfull \hbox (badness 10000) in paragraph at lines 539--540

 []

[20 <./image recognition.jpg>]
Underfull \hbox (badness 10000) in paragraph at lines 541--542

 []


Underfull \hbox (badness 10000) in paragraph at lines 543--544

 []

[21]
Chapitre 3.
<dataset.PNG, id=307, 709.14937pt x 263.48438pt>
File: dataset.PNG Graphic file (type png)
<use dataset.PNG>
Package pdftex.def Info: dataset.PNG  used on input line 556.
(pdftex.def)             Requested size: 350.99762pt x 130.4151pt.
[22

 <./dataset.PNG>]
<mean.PNG, id=316, 638.385pt x 169.38281pt>
File: mean.PNG Graphic file (type png)
<use mean.PNG>
Package pdftex.def Info: mean.PNG  used on input line 564.
(pdftex.def)             Requested size: 272.99881pt x 72.43515pt.
<stdr.PNG, id=317, 498.36188pt x 193.47281pt>
File: stdr.PNG Graphic file (type png)
<use stdr.PNG>
Package pdftex.def Info: stdr.PNG  used on input line 565.
(pdftex.def)             Requested size: 272.99881pt x 105.98526pt.

Underfull \hbox (badness 10000) in paragraph at lines 564--566
[][]
 []

<fusione.PNG, id=318, 247.67531pt x 106.89937pt>
File: fusione.PNG Graphic file (type png)
<use fusione.PNG>
Package pdftex.def Info: fusione.PNG  used on input line 570.
(pdftex.def)             Requested size: 155.99762pt x 67.33063pt.
<kmeans.PNG, id=319, 330.48468pt x 174.6525pt>
File: kmeans.PNG Graphic file (type png)
<use kmeans.PNG>
Package pdftex.def Info: kmeans.PNG  used on input line 576.
(pdftex.def)             Requested size: 234.00238pt x 123.66835pt.

Overfull \hbox (16.50977pt too wide) in paragraph at lines 579--580
\T1/aett/m/n/12 mat-plot-lib.pyplot \T1/aer/m/n/12 en uti-li-sant une simple bo
ucle et la fonc-tion \T1/aett/m/n/12 view_clusters
 []

[23 <./mean.PNG> <./stdr.PNG> <./fusione.PNG> <./kmeans.PNG>]
<results.PNG, id=331, 317.68687pt x 158.09062pt>
File: results.PNG Graphic file (type png)
<use results.PNG>
Package pdftex.def Info: results.PNG  used on input line 582.
(pdftex.def)             Requested size: 195.0pt x 97.0406pt.
<showres.PNG, id=332, 265.74281pt x 51.94406pt>
File: showres.PNG Graphic file (type png)
<use showres.PNG>
Package pdftex.def Info: showres.PNG  used on input line 583.
(pdftex.def)             Requested size: 195.0pt x 38.11699pt.

Overfull \hbox (2.61609pt too wide) in paragraph at lines 582--584
[][] [] 
 []

<1.PNG, id=333, 424.58624pt x 67.75313pt>
File: 1.PNG Graphic file (type png)
<use 1.PNG>
Package pdftex.def Info: 1.PNG  used on input line 589.
(pdftex.def)             Requested size: 272.99881pt x 43.5655pt.
<2.PNG, id=334, 334.24875pt x 59.47218pt>
File: 2.PNG Graphic file (type png)
<use 2.PNG>
Package pdftex.def Info: 2.PNG  used on input line 591.
(pdftex.def)             Requested size: 234.00238pt x 41.63658pt.
<3.PNG, id=335, 151.3153pt x 63.23625pt>
File: 3.PNG Graphic file (type png)
<use 3.PNG>
Package pdftex.def Info: 3.PNG  used on input line 593.
(pdftex.def)             Requested size: 117.00119pt x 48.8966pt.
<4.PNG, id=336, 238.64156pt x 60.97781pt>
File: 4.PNG Graphic file (type png)
<use 4.PNG>
Package pdftex.def Info: 4.PNG  used on input line 595.
(pdftex.def)             Requested size: 195.0pt x 49.82625pt.
<5.PNG, id=337, 508.90125pt x 63.98906pt>
File: 5.PNG Graphic file (type png)
<use 5.PNG>
Package pdftex.def Info: 5.PNG  used on input line 597.
(pdftex.def)             Requested size: 234.00238pt x 29.4236pt.

Overfull \hbox (18.44269pt too wide) in paragraph at lines 602--602
[]\T1/aer/b/n/17.28 Quantification d'images nu-m^^e9-riques avec k-means 
 []

[24 <./results.PNG> <./showres.PNG> <./1.PNG> <./2.PNG> <./3.PNG> <./4.PNG> <./
5.PNG>]
<pycode.PNG, id=353, 394.47375pt x 120.45pt>
File: pycode.PNG Graphic file (type png)
<use pycode.PNG>
Package pdftex.def Info: pycode.PNG  used on input line 611.
(pdftex.def)             Requested size: 234.00238pt x 71.45084pt.
<pycode2.PNG, id=354, 352.31625pt x 244.66406pt>
File: pycode2.PNG Graphic file (type png)
<use pycode2.PNG>
Package pdftex.def Info: pycode2.PNG  used on input line 618.
(pdftex.def)             Requested size: 195.0pt x 135.41682pt.
<insect.jpg, id=355, 918.43124pt x 613.29124pt>
File: insect.jpg Graphic file (type jpg)
<use insect.jpg>
Package pdftex.def Info: insect.jpg  used on input line 625.
(pdftex.def)             Requested size: 155.99762pt x 104.16455pt.
<test.jpg, id=356, 918.43124pt x 613.29124pt>
File: test.jpg Graphic file (type jpg)
<use test.jpg>
Package pdftex.def Info: test.jpg  used on input line 627.
(pdftex.def)             Requested size: 155.99762pt x 104.16455pt.


LaTeX Warning: `!h' float specifier changed to `!ht'.

[25 <./pycode.PNG> <./pycode2.PNG>]
<lac.PNG, id=367, 658.71094pt x 403.5075pt>
File: lac.PNG Graphic file (type png)
<use lac.PNG>
Package pdftex.def Info: lac.PNG  used on input line 643.
(pdftex.def)             Requested size: 234.00238pt x 143.3416pt.
<lac after segmentation.PNG, id=368, 878.28125pt x 538.01pt>
File: lac after segmentation.PNG Graphic file (type png)
<use lac after segmentation.PNG>
Package pdftex.def Info: lac after segmentation.PNG  used on input line 645.
(pdftex.def)             Requested size: 234.00238pt x 143.34364pt.
<recon.PNG, id=369, 448.67625pt x 133.24782pt>
File: recon.PNG Graphic file (type png)
<use recon.PNG>
Package pdftex.def Info: recon.PNG  used on input line 652.
(pdftex.def)             Requested size: 272.99881pt x 81.07771pt.


LaTeX Warning: `!h' float specifier changed to `!ht'.

<area.PNG, id=370, 450.18187pt x 26.34843pt>
File: area.PNG Graphic file (type png)
<use area.PNG>
Package pdftex.def Info: area.PNG  used on input line 656.
(pdftex.def)             Requested size: 312.00119pt x 18.26164pt.

LaTeX Warning: `!h' float specifier changed to `!ht'.

[26 <./insect.jpg> <./test.jpg>] [27 <./lac.PNG> <./lac after segmentation.PNG 
(PNG copy)> <./recon.PNG> <./area.PNG>]
Underfull \hbox (badness 10000) in paragraph at lines 668--669
[]\T1/aer/m/n/12 https ://www.lossendiere.com/2016/08/31/caracteristiques-dune-

 []


Overfull \hbox (18.02745pt too wide) in paragraph at lines 671--672
[]\T1/aer/m/n/12 https ://www.unioviedo.es/compnum/labs/new/kmeans.html# :^^C :
text=K-
 []


Overfull \hbox (38.2708pt too wide) in paragraph at lines 671--672
\T1/aer/m/n/12 means%20is%20an%20unsupervised,the%20group%20or%20cluster%20cent
roid 
 []


Underfull \hbox (badness 10000) in paragraph at lines 673--674

 []


Underfull \hbox (badness 10000) in paragraph at lines 675--676

 []

[28

] (Rapport.aux)

LaTeX Warning: There were multiply-defined labels.


Package rerunfilecheck Warning: File `Rapport.out' has changed.
(rerunfilecheck)                Rerun to get outlines right
(rerunfilecheck)                or use package `bookmark'.

Package rerunfilecheck Info: Checksums for `Rapport.out':
(rerunfilecheck)             Before: 5BA4C2F8F736975BF514F5036D53C696;5350
(rerunfilecheck)             After:  F716D3935C3FCF90A9B616129C2B1D76;4783.
 ) 
Here is how much of TeX's memory you used:
 13242 strings out of 478620
 216261 string characters out of 2834308
 500751 words of memory out of 3000000
 31041 multiletter control sequences out of 15000+600000
 510886 words of font info for 99 fonts, out of 8000000 for 9000
 1141 hyphenation exceptions out of 8191
 60i,8n,63p,687b,430s stack positions out of 10000i,1000n,20000p,200000b,80000s

pdfTeX warning (dest): name{subsection.1.2.4} has been referenced but does not 
exist, replaced by a fixed one


pdfTeX warning (dest): name{subsection.1.2.3} has been referenced but does not 
exist, replaced by a fixed one

</Users/mziani/Library/Application Support/MiKTeX/texmfs/install/fonts/type1/pu
blic/amsfonts/cm/cmb10.pfb></Users/mziani/Library/Application Support/MiKTeX/te
xmfs/install/fonts/type1/public/amsfonts/cm/cmcsc10.pfb></Users/mziani/Library/
Application Support/MiKTeX/texmfs/install/fonts/type1/public/amsfonts/cm/cmmi12
.pfb></Users/mziani/Library/Application Support/MiKTeX/texmfs/install/fonts/typ
e1/public/amsfonts/cm/cmmi8.pfb></Users/mziani/Library/Application Support/MiKT
eX/texmfs/install/fonts/type1/public/amsfonts/cm/cmr12.pfb></Users/mziani/Libra
ry/Application Support/MiKTeX/texmfs/install/fonts/type1/public/amsfonts/cm/cmr
8.pfb></Users/mziani/Library/Application Support/MiKTeX/texmfs/install/fonts/ty
pe1/public/amsfonts/cm/cmsy10.pfb></Users/mziani/Library/Application Support/Mi
KTeX/texmfs/install/fonts/type1/public/amsfonts/cm/cmti12.pfb></Users/mziani/Li
brary/Application Support/MiKTeX/texmfs/install/fonts/type1/public/amsfonts/cm/
cmtt12.pfb></Users/mziani/Library/Application Support/MiKTeX/texmfs/install/fon
ts/type1/public/amsfonts/symbols/msbm10.pfb>
Output written on Rapport.pdf (29 pages, 3983386 bytes).
PDF statistics:
 473 PDF objects out of 1000 (max. 8388607)
 120 named destinations out of 1000 (max. 500000)
 404 words of extra memory for PDF output out of 10000 (max. 10000000)

