\BOOKMARK [0][-]{section*.1}{\376\377\000R\000e\000m\000e\000r\000c\000i\000e\000m\000e\000n\000t\000s}{}% 1
\BOOKMARK [0][-]{chapter*.3}{\376\377\000I\000n\000t\000r\000o\000d\000u\000c\000t\000i\000o\000n}{}% 2
\BOOKMARK [0][-]{chapter.1}{\376\377\000\311\000t\000a\000t\000\040\000d\000e\000\040\000l\000'\000a\000r\000t}{}% 3
\BOOKMARK [1][-]{section.1.1}{\376\377\000L\000'\000i\000m\000a\000g\000e\000\040\000n\000u\000m\000\351\000r\000i\000q\000u\000e}{chapter.1}% 4
\BOOKMARK [2][-]{subsection.1.1.1}{\376\377\000T\000y\000p\000e\000s\000\040\000d\000'\000i\000m\000a\000g\000e\000s\000\040\000n\000u\000m\000\351\000r\000i\000q\000u\000e\000s}{section.1.1}% 5
\BOOKMARK [2][-]{subsection.1.1.2}{\376\377\000C\000a\000r\000a\000c\000t\000\351\000r\000i\000s\000t\000i\000q\000u\000e\000s\000\040\000d\000\040\000u\000n\000e\000\040\000i\000m\000a\000g\000e}{section.1.1}% 6
\BOOKMARK [1][-]{section.1.2}{\376\377\000M\000a\000c\000h\000i\000n\000e\000\040\000L\000e\000a\000r\000n\000i\000n\000g}{chapter.1}% 7
\BOOKMARK [2][-]{subsection.1.2.1}{\376\377\000A\000p\000p\000r\000e\000n\000t\000i\000s\000s\000a\000g\000e\000\040\000s\000u\000p\000e\000r\000v\000i\000s\000\351}{section.1.2}% 8
\BOOKMARK [2][-]{subsection.1.2.2}{\376\377\000A\000p\000p\000r\000e\000n\000t\000i\000s\000s\000a\000g\000e\000\040\000n\000o\000n\000\040\000s\000u\000p\000e\000r\000v\000i\000s\000\351}{section.1.2}% 9
\BOOKMARK [0][-]{chapter.2}{\376\377\000A\000l\000g\000o\000r\000i\000t\000h\000m\000e\000\040\000K\000-\000m\000e\000a\000n\000s\000\040\000e\000t\000\040\000A\000n\000a\000l\000y\000s\000e\000\040\000d\000e\000s\000\040\000i\000m\000a\000g\000e\000s}{}% 10
\BOOKMARK [1][-]{section.2.1}{\376\377\000A\000l\000g\000o\000r\000i\000t\000h\000m\000e\000\040\000K\000-\000m\000e\000a\000n\000s}{chapter.2}% 11
\BOOKMARK [2][-]{subsection.2.1.1}{\376\377\000\311\000t\000a\000p\000e\000s}{section.2.1}% 12
\BOOKMARK [2][-]{subsection.2.1.2}{\376\377\000C\000o\000n\000v\000e\000r\000g\000e\000n\000c\000e\000\040\000d\000e\000\040\000l\000'\000a\000l\000g\000o\000r\000i\000t\000h\000m\000e\000:}{section.2.1}% 13
\BOOKMARK [2][-]{subsection.2.1.3}{\376\377\000A\000v\000a\000n\000t\000a\000g\000e\000s\000\040\000e\000t\000\040\000i\000n\000c\000o\000n\000v\000\351\000n\000i\000e\000n\000t\000s\000\040\000p\000o\000u\000r\000\040\000l\000'\000a\000p\000p\000r\000e\000n\000t\000i\000s\000s\000a\000g\000e}{section.2.1}% 14
\BOOKMARK [1][-]{section.2.2}{\376\377\000A\000p\000p\000l\000i\000c\000a\000t\000i\000o\000n\000\040\000d\000e\000\040\000K\000-\000m\000e\000a\000n\000s\000\040\000p\000o\000u\000r\000\040\000l\000'\000a\000n\000a\000l\000y\000s\000e\000\040\000d\000e\000s\000\040\000i\000m\000a\000g\000e\000s}{chapter.2}% 15
\BOOKMARK [2][-]{subsection.2.2.1}{\376\377\000O\000u\000t\000i\000l\000s\000\040\000u\000t\000i\000l\000i\000s\000\351\000\040\000p\000o\000u\000r\000\040\000l\000'\000a\000n\000a\000l\000y\000s\000e\000\040\000d\000e\000s\000\040\000i\000m\000a\000g\000e\000s}{section.2.2}% 16
\BOOKMARK [2][-]{subsection.2.2.2}{\376\377\000I\000n\000s\000t\000a\000l\000l\000a\000t\000i\000o\000n\000\040\000d\000a\000n\000s\000\040\000l\000'\000o\000r\000d\000i\000n\000a\000t\000e\000u\000r}{section.2.2}% 17
\BOOKMARK [2][-]{subsection.2.2.3}{\376\377\000U\000t\000i\000l\000i\000s\000a\000t\000i\000o\000n\000\040\000d\000e\000\040\000l\000a\000\040\000C\000l\000a\000s\000s\000e\000\040\000K\000M\000e\000a\000n\000s}{section.2.2}% 18
\BOOKMARK [2][-]{subsection.2.2.4}{\376\377\000L\000a\000\040\000r\000e\000c\000o\000n\000n\000a\000i\000s\000s\000a\000n\000c\000e\000\040\000d\000e\000\040\000l\000\040\000i\000m\000a\000g\000e}{section.2.2}% 19
\BOOKMARK [2][-]{subsection.2.2.5}{\376\377\000D\000\351\000f\000i\000n\000i\000t\000i\000o\000n}{section.2.2}% 20
\BOOKMARK [0][-]{chapter.3}{\376\377\000R\000\351\000s\000u\000l\000t\000a\000t\000s\000\040\000n\000u\000m\000\351\000r\000i\000q\000u\000e\000s}{}% 21
\BOOKMARK [1][-]{section.3.1}{\376\377\000L\000a\000b\000e\000l\000l\000i\000s\000a\000t\000i\000o\000n\000\040\000d\000e\000s\000\040\000i\000m\000a\000g\000e\000s\000\040\000e\000n\000\040\000u\000t\000i\000l\000i\000s\000a\000n\000t\000\040\000K\000-\000m\000e\000a\000n\000s}{chapter.3}% 22
\BOOKMARK [1][-]{section.3.2}{\376\377\000Q\000u\000a\000n\000t\000i\000f\000i\000c\000a\000t\000i\000o\000n\000\040\000d\000'\000i\000m\000a\000g\000e\000s\000\040\000n\000u\000m\000\351\000r\000i\000q\000u\000e\000s\000\040\000a\000v\000e\000c\000\040\000k\000-\000m\000e\000a\000n\000s}{chapter.3}% 23
\BOOKMARK [1][-]{section.3.3}{\376\377\000S\000e\000g\000m\000e\000n\000t\000a\000t\000i\000o\000n\000\040\000d\000'\000i\000m\000a\000g\000e\000\040\000a\000v\000e\000c\000\040\000k\000m\000e\000a\000n\000s\000\040}{chapter.3}% 24
